<?xml version="1.0" encoding="UTF-8"?>
<!-- Generated by org.testng.reporters.JUnitReportReporter -->
<testsuite hostname="DESKTOP-6JUGJ4I" failures="0" tests="6" name="com.tripadvisor.webapp.tests.UserHomePageTest" time="33.385" errors="0" timestamp="2023-01-04T18:38:51 IST" skipped="4">
  <testcase classname="com.tripadvisor.webapp.tests.UserHomePageTest" name="TC_TripAdvisor_UserHomePage_003" time="16.523"/>
  <system-out/>
  <testcase classname="com.tripadvisor.webapp.tests.UserHomePageTest" name="TC_TripAdvisor_UserHomePage_003" time="16.862"/>
  <system-out/>
  <testcase classname="com.tripadvisor.webapp.tests.UserHomePageTest" name="TC_TripAdvisor_UserHomePage_001">
    <skipped/>
  </testcase> <!-- TC_TripAdvisor_UserHomePage_001 -->
  <system-out/>
  <testcase classname="com.tripadvisor.webapp.tests.UserHomePageTest" name="TC_TripAdvisor_UserHomePage_001">
    <skipped/>
  </testcase> <!-- TC_TripAdvisor_UserHomePage_001 -->
  <system-out/>
  <testcase classname="com.tripadvisor.webapp.tests.UserHomePageTest" name="TC_TripAdvisor_UserHomePage_002">
    <skipped/>
  </testcase> <!-- TC_TripAdvisor_UserHomePage_002 -->
  <system-out/>
  <testcase classname="com.tripadvisor.webapp.tests.UserHomePageTest" name="TC_TripAdvisor_UserHomePage_002">
    <skipped/>
  </testcase> <!-- TC_TripAdvisor_UserHomePage_002 -->
  <system-out/>
</testsuite> <!-- com.tripadvisor.webapp.tests.UserHomePageTest -->
