<?xml version="1.0" encoding="UTF-8"?>
<!-- Generated by org.testng.reporters.JUnitReportReporter -->
<testsuite hostname="DESKTOP-6JUGJ4I" failures="0" tests="2" name="com.tripadvisor.webapp.tests.HomePageTest" time="14.447" errors="0" timestamp="2023-05-18T18:31:02 IST" skipped="0">
  <testcase classname="com.tripadvisor.webapp.tests.HomePageTest" name="TC_TripAdvisor_HomePage_002" time="7.341"/>
  <system-out/>
  <testcase classname="com.tripadvisor.webapp.tests.HomePageTest" name="TC_TripAdvisor_HomePage_002" time="7.106"/>
  <system-out/>
</testsuite> <!-- com.tripadvisor.webapp.tests.HomePageTest -->
