<?xml version="1.0" encoding="UTF-8"?>
<!-- Generated by org.testng.reporters.JUnitReportReporter -->
<testsuite hostname="DESKTOP-6JUGJ4I" failures="2" tests="4" name="com.tripadvisor.webapp.tests.SignInPageTest" time="49.166" errors="0" timestamp="2023-05-18T18:31:02 IST" skipped="0">
  <testcase classname="com.tripadvisor.webapp.tests.SignInPageTest" name="TC_TripAdvisor_SignInPage_Negative_009" time="10.493">
    <failure message="Some error in login page expected [Your password should be at least 6 characters long.] but found [Your password must be at least 10 characters. Please try again.]" type="java.lang.AssertionError">
      <![CDATA[java.lang.AssertionError: Some error in login page expected [Your password should be at least 6 characters long.] but found [Your password must be at least 10 characters. Please try again.]
at org.testng.Assert.fail(Assert.java:99)
at org.testng.Assert.failNotEquals(Assert.java:1037)
at org.testng.Assert.assertEqualsImpl(Assert.java:140)
at org.testng.Assert.assertEquals(Assert.java:122)
at org.testng.Assert.assertEquals(Assert.java:629)
at com.tripadvisor.webapp.tests.SignInPageTest.TC_TripAdvisor_SignInPage_Negative_009(SignInPageTest.java:175)
at java.base/jdk.internal.reflect.NativeMethodAccessorImpl.invoke0(Native Method)
at java.base/jdk.internal.reflect.NativeMethodAccessorImpl.invoke(NativeMethodAccessorImpl.java:62)
at java.base/jdk.internal.reflect.DelegatingMethodAccessorImpl.invoke(DelegatingMethodAccessorImpl.java:43)
at java.base/java.lang.reflect.Method.invoke(Method.java:566)
at org.testng.internal.MethodInvocationHelper.invokeMethod(MethodInvocationHelper.java:133)
at org.testng.internal.TestInvoker.invokeMethod(TestInvoker.java:598)
at org.testng.internal.TestInvoker.invokeTestMethod(TestInvoker.java:173)
at org.testng.internal.MethodRunner.runInSequence(MethodRunner.java:46)
at org.testng.internal.TestInvoker$MethodInvocationAgent.invoke(TestInvoker.java:824)
at org.testng.internal.TestInvoker.invokeTestMethods(TestInvoker.java:146)
at org.testng.internal.TestMethodWorker.invokeTestMethods(TestMethodWorker.java:146)
at org.testng.internal.TestMethodWorker.run(TestMethodWorker.java:128)
at java.base/java.util.ArrayList.forEach(ArrayList.java:1541)
at org.testng.TestRunner.privateRun(TestRunner.java:794)
at org.testng.TestRunner.run(TestRunner.java:596)
at org.testng.SuiteRunner.runTest(SuiteRunner.java:377)
at org.testng.SuiteRunner.access$000(SuiteRunner.java:28)
at org.testng.SuiteRunner$SuiteWorker.run(SuiteRunner.java:418)
at org.testng.internal.thread.ThreadUtil.lambda$execute$0(ThreadUtil.java:64)
at java.base/java.util.concurrent.FutureTask.run(FutureTask.java:264)
at java.base/java.util.concurrent.ThreadPoolExecutor.runWorker(ThreadPoolExecutor.java:1128)
at java.base/java.util.concurrent.ThreadPoolExecutor$Worker.run(ThreadPoolExecutor.java:628)
at java.base/java.lang.Thread.run(Thread.java:834)
]]>
    </failure>
  </testcase> <!-- TC_TripAdvisor_SignInPage_Negative_009 -->
  <system-out>
    <![CDATA[<a href=F:\VrushaliTestingData\FinalGitHubProjects\ParallelMethodExecutionInTestNGFramework/screenshots/Thu_May_18_18_30_53_IST_2023_1684414854059.png>Screenshot</a>]]>
  </system-out>
  <testcase classname="com.tripadvisor.webapp.tests.SignInPageTest" name="TC_TripAdvisor_SignInPage_001" time="15.784"/>
  <system-out/>
  <testcase classname="com.tripadvisor.webapp.tests.SignInPageTest" name="TC_TripAdvisor_SignInPage_Negative_009" time="12.326">
    <failure message="Some error in login page expected [Your password should be at least 6 characters long.] but found [Your password must be at least 10 characters. Please try again.]" type="java.lang.AssertionError">
      <![CDATA[java.lang.AssertionError: Some error in login page expected [Your password should be at least 6 characters long.] but found [Your password must be at least 10 characters. Please try again.]
at org.testng.Assert.fail(Assert.java:99)
at org.testng.Assert.failNotEquals(Assert.java:1037)
at org.testng.Assert.assertEqualsImpl(Assert.java:140)
at org.testng.Assert.assertEquals(Assert.java:122)
at org.testng.Assert.assertEquals(Assert.java:629)
at com.tripadvisor.webapp.tests.SignInPageTest.TC_TripAdvisor_SignInPage_Negative_009(SignInPageTest.java:175)
at java.base/jdk.internal.reflect.NativeMethodAccessorImpl.invoke0(Native Method)
at java.base/jdk.internal.reflect.NativeMethodAccessorImpl.invoke(NativeMethodAccessorImpl.java:62)
at java.base/jdk.internal.reflect.DelegatingMethodAccessorImpl.invoke(DelegatingMethodAccessorImpl.java:43)
at java.base/java.lang.reflect.Method.invoke(Method.java:566)
at org.testng.internal.MethodInvocationHelper.invokeMethod(MethodInvocationHelper.java:133)
at org.testng.internal.TestInvoker.invokeMethod(TestInvoker.java:598)
at org.testng.internal.TestInvoker.invokeTestMethod(TestInvoker.java:173)
at org.testng.internal.MethodRunner.runInSequence(MethodRunner.java:46)
at org.testng.internal.TestInvoker$MethodInvocationAgent.invoke(TestInvoker.java:824)
at org.testng.internal.TestInvoker.invokeTestMethods(TestInvoker.java:146)
at org.testng.internal.TestMethodWorker.invokeTestMethods(TestMethodWorker.java:146)
at org.testng.internal.TestMethodWorker.run(TestMethodWorker.java:128)
at java.base/java.util.ArrayList.forEach(ArrayList.java:1541)
at org.testng.TestRunner.privateRun(TestRunner.java:794)
at org.testng.TestRunner.run(TestRunner.java:596)
at org.testng.SuiteRunner.runTest(SuiteRunner.java:377)
at org.testng.SuiteRunner.access$000(SuiteRunner.java:28)
at org.testng.SuiteRunner$SuiteWorker.run(SuiteRunner.java:418)
at org.testng.internal.thread.ThreadUtil.lambda$execute$0(ThreadUtil.java:64)
at java.base/java.util.concurrent.FutureTask.run(FutureTask.java:264)
at java.base/java.util.concurrent.ThreadPoolExecutor.runWorker(ThreadPoolExecutor.java:1128)
at java.base/java.util.concurrent.ThreadPoolExecutor$Worker.run(ThreadPoolExecutor.java:628)
at java.base/java.lang.Thread.run(Thread.java:834)
]]>
    </failure>
  </testcase> <!-- TC_TripAdvisor_SignInPage_Negative_009 -->
  <system-out>
    <![CDATA[<a href=F:\VrushaliTestingData\FinalGitHubProjects\ParallelMethodExecutionInTestNGFramework/screenshots/Thu_May_18_18_31_00_IST_2023_1684414861165.png>Screenshot</a>]]>
  </system-out>
  <testcase classname="com.tripadvisor.webapp.tests.SignInPageTest" name="TC_TripAdvisor_SignInPage_001" time="10.563"/>
  <system-out/>
</testsuite> <!-- com.tripadvisor.webapp.tests.SignInPageTest -->
