<?xml version="1.0" encoding="UTF-8"?>
<!-- Generated by org.testng.reporters.JUnitReportReporter -->
<testsuite hostname="DESKTOP-6JUGJ4I" failures="0" tests="4" name="com.tripadvisor.webapp.tests.PuneHomePageTest" time="31.514" errors="0" timestamp="2023-01-04T19:50:01 IST" skipped="2">
  <testcase classname="com.tripadvisor.webapp.tests.PuneHomePageTest" name="TC_TripAdvisor_PuneHomePage_002" time="16.263"/>
  <system-out/>
  <testcase classname="com.tripadvisor.webapp.tests.PuneHomePageTest" name="TC_TripAdvisor_PuneHomePage_002" time="15.251"/>
  <system-out/>
  <testcase classname="com.tripadvisor.webapp.tests.PuneHomePageTest" name="TC_TripAdvisor_PuneHomePage_001">
    <skipped/>
  </testcase> <!-- TC_TripAdvisor_PuneHomePage_001 -->
  <system-out/>
  <testcase classname="com.tripadvisor.webapp.tests.PuneHomePageTest" name="TC_TripAdvisor_PuneHomePage_001">
    <skipped/>
  </testcase> <!-- TC_TripAdvisor_PuneHomePage_001 -->
  <system-out/>
</testsuite> <!-- com.tripadvisor.webapp.tests.PuneHomePageTest -->
